<?xml version="1.0" encoding="UTF-8"?>
<testng-results ignored="0" total="1" passed="1" failed="0" skipped="0">
  <reporter-output>
  </reporter-output>
  <suite started-at="2024-06-22T03:51:19Z" name="Default suite" finished-at="2024-06-22T03:51:32Z" duration-ms="13030">
    <groups>
      <group name="cucumber">
        <method signature="AbstractTestNGCucumberTests.runScenario(cucumber.api.testng.PickleEventWrapper, cucumber.api.testng.CucumberFeatureWrapper)[pri:0, instance:Runner.ChromeRunner@5884a914]" name="runScenario" class="cucumber.api.testng.AbstractTestNGCucumberTests"/>
      </group> <!-- cucumber -->
    </groups>
    <test started-at="2024-06-22T03:51:19Z" name="Default test" finished-at="2024-06-22T03:51:32Z" duration-ms="13030">
      <class name="Runner.ChromeRunner">
        <test-method is-config="true" signature="setUpClass()[pri:0, instance:Runner.ChromeRunner@5884a914]" started-at="2024-06-22T03:51:19Z" name="setUpClass" finished-at="2024-06-22T03:51:20Z" duration-ms="324" status="PASS">
          <reporter-output>
          </reporter-output>
        </test-method> <!-- setUpClass -->
        <test-method signature="runScenario(cucumber.api.testng.PickleEventWrapper, cucumber.api.testng.CucumberFeatureWrapper)[pri:0, instance:Runner.ChromeRunner@5884a914]" started-at="2024-06-22T03:51:20Z" name="runScenario" description="Runs Cucumber Scenarios" data-provider="scenarios" finished-at="2024-06-22T03:51:32Z" duration-ms="12427" status="PASS">
          <params>
            <param index="0">
              <value>
                <![CDATA["check user able to logout an application"]]>
              </value>
            </param>
            <param index="1">
              <value>
                <![CDATA["Check add to cart product fucntionality"]]>
              </value>
            </param>
          </params>
          <reporter-output>
          </reporter-output>
        </test-method> <!-- runScenario -->
        <test-method is-config="true" signature="tearDownClass()[pri:0, instance:Runner.ChromeRunner@5884a914]" started-at="2024-06-22T03:51:32Z" name="tearDownClass" finished-at="2024-06-22T03:51:32Z" duration-ms="60" status="PASS">
          <reporter-output>
          </reporter-output>
        </test-method> <!-- tearDownClass -->
      </class> <!-- Runner.ChromeRunner -->
    </test> <!-- Default test -->
  </suite> <!-- Default suite -->
</testng-results>
